==================== 2026-04-18T11:27:47.010114Z | 91aef20a-c94f-4dc8-a0ed-5d8fc75b1b6a ====================
11:27:47.010146 [info ]: Starting dbt LSP server
11:27:47.010161 [info ]: Connecting to LSP client on port 57023
11:27:47.010321 [info ]: Successfully connected to LSP client
11:27:47.010329 [info ]: Creating LSP service...
11:27:47.064394 [info ]: Creating LSP server...
11:27:47.064420 [info ]: Starting LSP server...
11:27:47.443695 [info ]: Started loading project
11:27:47.443800 [info ]: Finished loading project [  0.00s]
==================== 2026-04-18T11:35:06.881623Z | dd033317-2933-4995-a555-03551b80c4f6 ====================
11:35:06.881656 [info ]: Starting dbt LSP server
11:35:06.881670 [info ]: Connecting to LSP client on port 40243
11:35:06.881813 [info ]: Successfully connected to LSP client
11:35:06.881820 [info ]: Creating LSP service...
11:35:06.935948 [info ]: Creating LSP server...
11:35:06.935975 [info ]: Starting LSP server...
11:35:07.683667 [info ]: Started loading project
11:35:07.683758 [info ]: Finished loading project [  0.00s]
==================== 2026-04-18T11:35:21.749812Z | 7d42b08f-c39a-4fd9-b58c-115d8fa895ee ====================
11:35:21.749843 [info ]: Starting dbt LSP server
11:35:21.749857 [info ]: Connecting to LSP client on port 59181
11:35:21.749996 [info ]: Successfully connected to LSP client
11:35:21.750004 [info ]: Creating LSP service...
11:35:21.803556 [info ]: Creating LSP server...
11:35:21.803582 [info ]: Starting LSP server...
11:35:22.530415 [info ]: Started loading project
11:35:22.530506 [info ]: Finished loading project [  0.00s]
